<?xml version="1.0" encoding="UTF-8"?>
<!-- Generated by org.testng.reporters.JUnitReportReporter -->
<testsuite hostname="GVG-103" failures="0" tests="1" name="pom.UnifiedTara_realnumber_Tests.AddPromotion_Test" time="63.291" errors="1" timestamp="2022-10-07T10:40:03 IST" skipped="0">
  <testcase classname="pom.UnifiedTara_realnumber_Tests.AddPromotion_Test" name="Test1_AddPromotion" time="63.291">
    <error message="An element could not be located on the page using the given search parameters. (WARNING: The server did not provide any stacktrace information)
Command duration or timeout: 10.13 seconds
For documentation on this error, please visit: http://seleniumhq.org/exceptions/no_such_element.html
Build info: version: &#039;2.53.0&#039;, revision: &#039;35ae25b1534ae328c771e0856c93e187490ca824&#039;, time: &#039;2016-03-15 10:43:46&#039;
System info: host: &#039;GVG-103&#039;, ip: &#039;192.168.0.127&#039;, os.name: &#039;Windows 10&#039;, os.arch: &#039;amd64&#039;, os.version: &#039;10.0&#039;, java.version: &#039;18.0.1.1&#039;
Driver info: io.appium.java_client.android.AndroidDriver
Capabilities [{appPackage=app.tara.tara_app, statBarHeight=50, noReset=true, viewportRect={top=50, left=0, width=720, height=1294}, deviceName=08a4e2567d2a, platform=LINUX, deviceUDID=08a4e2567d2a, desired={appActivity=app.tara.tara_app.MainActivity, appPackage=app.tara.tara_app, app=D:\UnifiedTara\apk\app-release_v35.apk, noReset=true, newCommandTimeout=180, platformVersion=8.1.0, browserName=, autoGrantPermissions=true, udid=08a4e2567d2a, platformName=Android, deviceName=Redmi}, newCommandTimeout=180, platformVersion=8.1.0, webStorageEnabled=false, takesScreenshot=true, browserName=, javascriptEnabled=true, udid=08a4e2567d2a, platformName=Android, deviceApiLevel=27, deviceManufacturer=Xiaomi, app=D:\UnifiedTara\apk\app-release_v35.apk, deviceScreenSize=720x1440, networkConnectionEnabled=true, warnings={}, databaseEnabled=false, appActivity=app.tara.tara_app.MainActivity, pixelRatio=2, locationContextEnabled=false, autoGrantPermissions=true, deviceScreenDensity=320, deviceModel=Redmi 6}]
Session ID: 480d0eed-abe2-4cc7-8327-d4bdbff937e1
*** Element info: {Using=xpath, value=//android.widget.EditText[@index=&#039;5&#039;]}" type="org.openqa.selenium.NoSuchElementException">
      <![CDATA[org.openqa.selenium.NoSuchElementException: An element could not be located on the page using the given search parameters. (WARNING: The server did not provide any stacktrace information)
Command duration or timeout: 10.13 seconds
For documentation on this error, please visit: http://seleniumhq.org/exceptions/no_such_element.html
Build info: version: '2.53.0', revision: '35ae25b1534ae328c771e0856c93e187490ca824', time: '2016-03-15 10:43:46'
System info: host: 'GVG-103', ip: '192.168.0.127', os.name: 'Windows 10', os.arch: 'amd64', os.version: '10.0', java.version: '18.0.1.1'
Driver info: io.appium.java_client.android.AndroidDriver
Capabilities [{appPackage=app.tara.tara_app, statBarHeight=50, noReset=true, viewportRect={top=50, left=0, width=720, height=1294}, deviceName=08a4e2567d2a, platform=LINUX, deviceUDID=08a4e2567d2a, desired={appActivity=app.tara.tara_app.MainActivity, appPackage=app.tara.tara_app, app=D:\UnifiedTara\apk\app-release_v35.apk, noReset=true, newCommandTimeout=180, platformVersion=8.1.0, browserName=, autoGrantPermissions=true, udid=08a4e2567d2a, platformName=Android, deviceName=Redmi}, newCommandTimeout=180, platformVersion=8.1.0, webStorageEnabled=false, takesScreenshot=true, browserName=, javascriptEnabled=true, udid=08a4e2567d2a, platformName=Android, deviceApiLevel=27, deviceManufacturer=Xiaomi, app=D:\UnifiedTara\apk\app-release_v35.apk, deviceScreenSize=720x1440, networkConnectionEnabled=true, warnings={}, databaseEnabled=false, appActivity=app.tara.tara_app.MainActivity, pixelRatio=2, locationContextEnabled=false, autoGrantPermissions=true, deviceScreenDensity=320, deviceModel=Redmi 6}]
Session ID: 480d0eed-abe2-4cc7-8327-d4bdbff937e1
*** Element info: {Using=xpath, value=//android.widget.EditText[@index='5']}
at java.base/jdk.internal.reflect.DirectConstructorHandleAccessor.newInstance(DirectConstructorHandleAccessor.java:67)
at java.base/java.lang.reflect.Constructor.newInstanceWithCaller(Constructor.java:499)
at java.base/java.lang.reflect.Constructor.newInstance(Constructor.java:483)
at org.openqa.selenium.remote.ErrorHandler.createThrowable(ErrorHandler.java:206)
at org.openqa.selenium.remote.ErrorHandler.throwIfResponseFailed(ErrorHandler.java:158)
at org.openqa.selenium.remote.RemoteWebDriver.execute(RemoteWebDriver.java:678)
at io.appium.java_client.DefaultGenericMobileDriver.execute(DefaultGenericMobileDriver.java:42)
at io.appium.java_client.AppiumDriver.execute(AppiumDriver.java:1)
at io.appium.java_client.android.AndroidDriver.execute(AndroidDriver.java:1)
at org.openqa.selenium.remote.RemoteWebDriver.findElement(RemoteWebDriver.java:363)
at org.openqa.selenium.remote.RemoteWebDriver.findElementByXPath(RemoteWebDriver.java:500)
at io.appium.java_client.DefaultGenericMobileDriver.findElementByXPath(DefaultGenericMobileDriver.java:132)
at io.appium.java_client.AppiumDriver.findElementByXPath(AppiumDriver.java:1)
at io.appium.java_client.android.AndroidDriver.findElementByXPath(AndroidDriver.java:1)
at org.openqa.selenium.By$ByXPath.findElement(By.java:361)
at org.openqa.selenium.remote.RemoteWebDriver.findElement(RemoteWebDriver.java:355)
at io.appium.java_client.DefaultGenericMobileDriver.findElement(DefaultGenericMobileDriver.java:52)
at io.appium.java_client.AppiumDriver.findElement(AppiumDriver.java:1)
at io.appium.java_client.android.AndroidDriver.findElement(AndroidDriver.java:1)
at org.openqa.selenium.support.pagefactory.DefaultElementLocator.findElement(DefaultElementLocator.java:69)
at org.openqa.selenium.support.pagefactory.internal.LocatingElementHandler.invoke(LocatingElementHandler.java:38)
at jdk.proxy2/jdk.proxy2.$Proxy12.clear(Unknown Source)
at pom.UnifiedTara.pages.base.BasePage.typeText(BasePage.java:46)
at pom.UnifiedTara.pages.Promotion_Page.addPromotion(Promotion_Page.java:78)
at pom.UnifiedTara_realnumber_Tests.AddPromotion_Test.Test1_AddPromotion(AddPromotion_Test.java:32)
at java.base/jdk.internal.reflect.DirectMethodHandleAccessor.invoke(DirectMethodHandleAccessor.java:104)
at java.base/java.lang.reflect.Method.invoke(Method.java:577)
at org.testng.internal.MethodInvocationHelper.invokeMethod(MethodInvocationHelper.java:133)
at org.testng.internal.TestInvoker.invokeMethod(TestInvoker.java:598)
at org.testng.internal.TestInvoker.invokeTestMethod(TestInvoker.java:173)
at org.testng.internal.MethodRunner.runInSequence(MethodRunner.java:46)
at org.testng.internal.TestInvoker$MethodInvocationAgent.invoke(TestInvoker.java:824)
at org.testng.internal.TestInvoker.invokeTestMethods(TestInvoker.java:146)
at org.testng.internal.TestMethodWorker.invokeTestMethods(TestMethodWorker.java:146)
at org.testng.internal.TestMethodWorker.run(TestMethodWorker.java:128)
at java.base/java.util.ArrayList.forEach(ArrayList.java:1511)
at org.testng.TestRunner.privateRun(TestRunner.java:794)
at org.testng.TestRunner.run(TestRunner.java:596)
at org.testng.SuiteRunner.runTest(SuiteRunner.java:377)
at org.testng.SuiteRunner.runSequentially(SuiteRunner.java:371)
at org.testng.SuiteRunner.privateRun(SuiteRunner.java:332)
at org.testng.SuiteRunner.run(SuiteRunner.java:276)
at org.testng.SuiteRunnerWorker.runSuite(SuiteRunnerWorker.java:53)
at org.testng.SuiteRunnerWorker.run(SuiteRunnerWorker.java:96)
at org.testng.TestNG.runSuitesSequentially(TestNG.java:1212)
at org.testng.TestNG.runSuitesLocally(TestNG.java:1134)
at org.testng.TestNG.runSuites(TestNG.java:1063)
at org.testng.TestNG.run(TestNG.java:1031)
at org.testng.remote.AbstractRemoteTestNG.run(AbstractRemoteTestNG.java:115)
at org.testng.remote.RemoteTestNG.initAndRun(RemoteTestNG.java:251)
at org.testng.remote.RemoteTestNG.main(RemoteTestNG.java:77)
]]>
    </error>
  </testcase> <!-- Test1_AddPromotion -->
  <system-out/>
</testsuite> <!-- pom.UnifiedTara_realnumber_Tests.AddPromotion_Test -->
